GAS LISTING /tmp/cc04bn2X.s 			page 1


   1              		.file	"close.c"
   2              		.option nopic
   3              		.attribute arch, "rv32i2p0_m2p0_a2p0_c2p0"
   4              		.attribute unaligned_access, 0
   5              		.attribute stack_align, 16
   6              		.text
   7              	.Ltext0:
   8              		.cfi_sections	.debug_frame
   9              		.section	.text._close,"ax",@progbits
  10              		.align	1
  11              		.globl	_close
  13              	_close:
  14              	.LFB1:
  15              		.file 1 "../Firmware/RISCV/stubs/close.c"
   1:../Firmware/RISCV/stubs/close.c **** /* See LICENSE of license details. */
   2:../Firmware/RISCV/stubs/close.c **** 
   3:../Firmware/RISCV/stubs/close.c **** #include <errno.h>
   4:../Firmware/RISCV/stubs/close.c **** #include "stub.h"
   5:../Firmware/RISCV/stubs/close.c **** 
   6:../Firmware/RISCV/stubs/close.c **** int _close(int fd)
   7:../Firmware/RISCV/stubs/close.c **** {
  16              		.loc 1 7 1
  17              		.cfi_startproc
  18              	.LVL0:
   8:../Firmware/RISCV/stubs/close.c ****   return _stub(EBADF);
  19              		.loc 1 8 3
  20              		.file 2 "../Firmware/RISCV/stubs/stub.h"
   1:../Firmware/RISCV/stubs/stub.h **** /* See LICENSE of license details. */
   2:../Firmware/RISCV/stubs/stub.h **** #ifndef _NUCLEI_SYS_STUB_H
   3:../Firmware/RISCV/stubs/stub.h **** #define _NUCLEI_SYS_STUB_H
   4:../Firmware/RISCV/stubs/stub.h **** 
   5:../Firmware/RISCV/stubs/stub.h **** #include <stdint.h>
   6:../Firmware/RISCV/stubs/stub.h **** #include <unistd.h>
   7:../Firmware/RISCV/stubs/stub.h **** 
   8:../Firmware/RISCV/stubs/stub.h **** void write_hex(int fd, unsigned long int hex);
   9:../Firmware/RISCV/stubs/stub.h **** 
  10:../Firmware/RISCV/stubs/stub.h **** static inline int _stub(int err)
  11:../Firmware/RISCV/stubs/stub.h **** {
  12:../Firmware/RISCV/stubs/stub.h ****   return -1;
  21              		.loc 2 12 3
   9:../Firmware/RISCV/stubs/close.c **** }
  22              		.loc 1 9 1 is_stmt 0
  23 0000 7D55     		li	a0,-1
  24              	.LVL1:
  25 0002 8280     		ret
  26              		.cfi_endproc
  27              	.LFE1:
  29              		.text
  30              	.Letext0:
GAS LISTING /tmp/cc04bn2X.s 			page 2


DEFINED SYMBOLS
                            *ABS*:0000000000000000 close.c
     /tmp/cc04bn2X.s:13     .text._close:0000000000000000 _close
     /tmp/cc04bn2X.s:17     .text._close:0000000000000000 .L0 
     /tmp/cc04bn2X.s:19     .text._close:0000000000000000 .L0 
     /tmp/cc04bn2X.s:21     .text._close:0000000000000000 .L0 
     /tmp/cc04bn2X.s:22     .text._close:0000000000000000 .L0 
     /tmp/cc04bn2X.s:23     .text._close:0000000000000000 .L0 
     /tmp/cc04bn2X.s:26     .text._close:0000000000000004 .L0 
     /tmp/cc04bn2X.s:29     .text._close:0000000000000004 .L0 
                     .debug_frame:0000000000000000 .L0 
     /tmp/cc04bn2X.s:134    .debug_abbrev:0000000000000000 .Ldebug_abbrev0
     /tmp/cc04bn2X.s:326    .debug_str:00000000000000f4 .LASF11
     /tmp/cc04bn2X.s:306    .debug_str:0000000000000052 .LASF12
     /tmp/cc04bn2X.s:324    .debug_str:00000000000000c2 .LASF13
     /tmp/cc04bn2X.s:288    .debug_ranges:0000000000000000 .Ldebug_ranges0
     /tmp/cc04bn2X.s:294    .debug_line:0000000000000000 .Ldebug_line0
     /tmp/cc04bn2X.s:298    .debug_str:000000000000000e .LASF0
     /tmp/cc04bn2X.s:296    .debug_str:0000000000000000 .LASF1
     /tmp/cc04bn2X.s:320    .debug_str:00000000000000ac .LASF2
     /tmp/cc04bn2X.s:318    .debug_str:00000000000000a0 .LASF3
     /tmp/cc04bn2X.s:300    .debug_str:000000000000001b .LASF4
     /tmp/cc04bn2X.s:322    .debug_str:00000000000000b8 .LASF5
     /tmp/cc04bn2X.s:316    .debug_str:000000000000008d .LASF6
     /tmp/cc04bn2X.s:314    .debug_str:0000000000000084 .LASF7
     /tmp/cc04bn2X.s:302    .debug_str:0000000000000029 .LASF8
     /tmp/cc04bn2X.s:304    .debug_str:000000000000003b .LASF9
     /tmp/cc04bn2X.s:310    .debug_str:0000000000000079 .LASF10
     /tmp/cc04bn2X.s:308    .debug_str:0000000000000072 .LASF14
     /tmp/cc04bn2X.s:14     .text._close:0000000000000000 .LFB1
     /tmp/cc04bn2X.s:27     .text._close:0000000000000004 .LFE1
     /tmp/cc04bn2X.s:261    .debug_loc:0000000000000000 .LLST0
     /tmp/cc04bn2X.s:312    .debug_str:000000000000007e .LASF15
     /tmp/cc04bn2X.s:18     .text._close:0000000000000000 .LVL0
     /tmp/cc04bn2X.s:24     .text._close:0000000000000002 .LVL1
     /tmp/cc04bn2X.s:32     .debug_info:0000000000000000 .Ldebug_info0

NO UNDEFINED SYMBOLS
