GAS LISTING /tmp/cczTzKEQ.s 			page 1


   1              		.file	"gd32vf103_dbg.c"
   2              		.option nopic
   3              		.attribute arch, "rv32i2p0_m2p0_a2p0_c2p0"
   4              		.attribute unaligned_access, 0
   5              		.attribute stack_align, 16
   6              		.text
   7              	.Ltext0:
   8              		.cfi_sections	.debug_frame
   9              		.section	.text.dbg_id_get,"ax",@progbits
  10              		.align	1
  11              		.globl	dbg_id_get
  13              	dbg_id_get:
  14              	.LFB2:
  15              		.file 1 "../Firmware/GD32VF103_standard_peripheral/Source/gd32vf103_dbg.c"
   1:../Firmware/GD32VF103_standard_peripheral/Source/gd32vf103_dbg.c **** /*!
   2:../Firmware/GD32VF103_standard_peripheral/Source/gd32vf103_dbg.c ****     \file  gd32vf103_dbg.c
   3:../Firmware/GD32VF103_standard_peripheral/Source/gd32vf103_dbg.c ****     \brief DBG driver
   4:../Firmware/GD32VF103_standard_peripheral/Source/gd32vf103_dbg.c **** 
   5:../Firmware/GD32VF103_standard_peripheral/Source/gd32vf103_dbg.c ****     \version 2019-6-5, V1.0.0, firmware for GD32VF103
   6:../Firmware/GD32VF103_standard_peripheral/Source/gd32vf103_dbg.c **** */
   7:../Firmware/GD32VF103_standard_peripheral/Source/gd32vf103_dbg.c **** 
   8:../Firmware/GD32VF103_standard_peripheral/Source/gd32vf103_dbg.c **** /*
   9:../Firmware/GD32VF103_standard_peripheral/Source/gd32vf103_dbg.c ****     Copyright (c) 2019, GigaDevice Semiconductor Inc.
  10:../Firmware/GD32VF103_standard_peripheral/Source/gd32vf103_dbg.c **** 
  11:../Firmware/GD32VF103_standard_peripheral/Source/gd32vf103_dbg.c ****     Redistribution and use in source and binary forms, with or without modification, 
  12:../Firmware/GD32VF103_standard_peripheral/Source/gd32vf103_dbg.c **** are permitted provided that the following conditions are met:
  13:../Firmware/GD32VF103_standard_peripheral/Source/gd32vf103_dbg.c **** 
  14:../Firmware/GD32VF103_standard_peripheral/Source/gd32vf103_dbg.c ****     1. Redistributions of source code must retain the above copyright notice, this 
  15:../Firmware/GD32VF103_standard_peripheral/Source/gd32vf103_dbg.c ****        list of conditions and the following disclaimer.
  16:../Firmware/GD32VF103_standard_peripheral/Source/gd32vf103_dbg.c ****     2. Redistributions in binary form must reproduce the above copyright notice, 
  17:../Firmware/GD32VF103_standard_peripheral/Source/gd32vf103_dbg.c ****        this list of conditions and the following disclaimer in the documentation 
  18:../Firmware/GD32VF103_standard_peripheral/Source/gd32vf103_dbg.c ****        and/or other materials provided with the distribution.
  19:../Firmware/GD32VF103_standard_peripheral/Source/gd32vf103_dbg.c ****     3. Neither the name of the copyright holder nor the names of its contributors 
  20:../Firmware/GD32VF103_standard_peripheral/Source/gd32vf103_dbg.c ****        may be used to endorse or promote products derived from this software without 
  21:../Firmware/GD32VF103_standard_peripheral/Source/gd32vf103_dbg.c ****        specific prior written permission.
  22:../Firmware/GD32VF103_standard_peripheral/Source/gd32vf103_dbg.c **** 
  23:../Firmware/GD32VF103_standard_peripheral/Source/gd32vf103_dbg.c ****     THIS SOFTWARE IS PROVIDED BY THE COPYRIGHT HOLDERS AND CONTRIBUTORS "AS IS" 
  24:../Firmware/GD32VF103_standard_peripheral/Source/gd32vf103_dbg.c **** AND ANY EXPRESS OR IMPLIED WARRANTIES, INCLUDING, BUT NOT LIMITED TO, THE IMPLIED 
  25:../Firmware/GD32VF103_standard_peripheral/Source/gd32vf103_dbg.c **** WARRANTIES OF MERCHANTABILITY AND FITNESS FOR A PARTICULAR PURPOSE ARE DISCLAIMED. 
  26:../Firmware/GD32VF103_standard_peripheral/Source/gd32vf103_dbg.c **** IN NO EVENT SHALL THE COPYRIGHT HOLDER OR CONTRIBUTORS BE LIABLE FOR ANY DIRECT, 
  27:../Firmware/GD32VF103_standard_peripheral/Source/gd32vf103_dbg.c **** INDIRECT, INCIDENTAL, SPECIAL, EXEMPLARY, OR CONSEQUENTIAL DAMAGES (INCLUDING, BUT 
  28:../Firmware/GD32VF103_standard_peripheral/Source/gd32vf103_dbg.c **** NOT LIMITED TO, PROCUREMENT OF SUBSTITUTE GOODS OR SERVICES; LOSS OF USE, DATA, OR 
  29:../Firmware/GD32VF103_standard_peripheral/Source/gd32vf103_dbg.c **** PROFITS; OR BUSINESS INTERRUPTION) HOWEVER CAUSED AND ON ANY THEORY OF LIABILITY, 
  30:../Firmware/GD32VF103_standard_peripheral/Source/gd32vf103_dbg.c **** WHETHER IN CONTRACT, STRICT LIABILITY, OR TORT (INCLUDING NEGLIGENCE OR OTHERWISE) 
  31:../Firmware/GD32VF103_standard_peripheral/Source/gd32vf103_dbg.c **** ARISING IN ANY WAY OUT OF THE USE OF THIS SOFTWARE, EVEN IF ADVISED OF THE POSSIBILITY 
  32:../Firmware/GD32VF103_standard_peripheral/Source/gd32vf103_dbg.c **** OF SUCH DAMAGE.
  33:../Firmware/GD32VF103_standard_peripheral/Source/gd32vf103_dbg.c **** */
  34:../Firmware/GD32VF103_standard_peripheral/Source/gd32vf103_dbg.c **** 
  35:../Firmware/GD32VF103_standard_peripheral/Source/gd32vf103_dbg.c **** #include "gd32vf103_dbg.h"
  36:../Firmware/GD32VF103_standard_peripheral/Source/gd32vf103_dbg.c **** 
  37:../Firmware/GD32VF103_standard_peripheral/Source/gd32vf103_dbg.c **** /*!
  38:../Firmware/GD32VF103_standard_peripheral/Source/gd32vf103_dbg.c ****     \brief      read DBG_ID code register
  39:../Firmware/GD32VF103_standard_peripheral/Source/gd32vf103_dbg.c ****     \param[in]  none
  40:../Firmware/GD32VF103_standard_peripheral/Source/gd32vf103_dbg.c ****     \param[out] none
  41:../Firmware/GD32VF103_standard_peripheral/Source/gd32vf103_dbg.c ****     \retval     DBG_ID code
  42:../Firmware/GD32VF103_standard_peripheral/Source/gd32vf103_dbg.c **** */
  43:../Firmware/GD32VF103_standard_peripheral/Source/gd32vf103_dbg.c **** uint32_t dbg_id_get(void)
GAS LISTING /tmp/cczTzKEQ.s 			page 2


  44:../Firmware/GD32VF103_standard_peripheral/Source/gd32vf103_dbg.c **** {
  16              		.loc 1 44 1
  17              		.cfi_startproc
  45:../Firmware/GD32VF103_standard_peripheral/Source/gd32vf103_dbg.c ****     return DBG_ID;
  18              		.loc 1 45 5
  19              		.loc 1 45 12 is_stmt 0
  20 0000 B72704E0 		li	a5,-536600576
  21 0004 8843     		lw	a0,0(a5)
  46:../Firmware/GD32VF103_standard_peripheral/Source/gd32vf103_dbg.c **** }
  22              		.loc 1 46 1
  23 0006 8280     		ret
  24              		.cfi_endproc
  25              	.LFE2:
  27              		.section	.text.dbg_low_power_enable,"ax",@progbits
  28              		.align	1
  29              		.globl	dbg_low_power_enable
  31              	dbg_low_power_enable:
  32              	.LFB3:
  47:../Firmware/GD32VF103_standard_peripheral/Source/gd32vf103_dbg.c **** 
  48:../Firmware/GD32VF103_standard_peripheral/Source/gd32vf103_dbg.c **** /*!
  49:../Firmware/GD32VF103_standard_peripheral/Source/gd32vf103_dbg.c ****     \brief      enable low power behavior when the mcu is in debug mode
  50:../Firmware/GD32VF103_standard_peripheral/Source/gd32vf103_dbg.c ****     \param[in]  dbg_low_power:
  51:../Firmware/GD32VF103_standard_peripheral/Source/gd32vf103_dbg.c ****                 one or more parameters can be selected which are shown as below:
  52:../Firmware/GD32VF103_standard_peripheral/Source/gd32vf103_dbg.c ****       \arg        DBG_LOW_POWER_SLEEP: keep debugger connection during sleep mode
  53:../Firmware/GD32VF103_standard_peripheral/Source/gd32vf103_dbg.c ****       \arg        DBG_LOW_POWER_DEEPSLEEP: keep debugger connection during deepsleep mode
  54:../Firmware/GD32VF103_standard_peripheral/Source/gd32vf103_dbg.c ****       \arg        DBG_LOW_POWER_STANDBY: keep debugger connection during standby mode
  55:../Firmware/GD32VF103_standard_peripheral/Source/gd32vf103_dbg.c ****     \param[out] none
  56:../Firmware/GD32VF103_standard_peripheral/Source/gd32vf103_dbg.c ****     \retval     none
  57:../Firmware/GD32VF103_standard_peripheral/Source/gd32vf103_dbg.c **** */
  58:../Firmware/GD32VF103_standard_peripheral/Source/gd32vf103_dbg.c **** void dbg_low_power_enable(uint32_t dbg_low_power)
  59:../Firmware/GD32VF103_standard_peripheral/Source/gd32vf103_dbg.c **** {
  33              		.loc 1 59 1 is_stmt 1
  34              		.cfi_startproc
  35              	.LVL0:
  60:../Firmware/GD32VF103_standard_peripheral/Source/gd32vf103_dbg.c ****     DBG_CTL |= dbg_low_power;
  36              		.loc 1 60 5
  37              		.loc 1 60 13 is_stmt 0
  38 0000 372704E0 		li	a4,-536600576
  39 0004 5C43     		lw	a5,4(a4)
  40 0006 C98F     		or	a5,a5,a0
  41 0008 5CC3     		sw	a5,4(a4)
  61:../Firmware/GD32VF103_standard_peripheral/Source/gd32vf103_dbg.c **** }
  42              		.loc 1 61 1
  43 000a 8280     		ret
  44              		.cfi_endproc
  45              	.LFE3:
  47              		.section	.text.dbg_low_power_disable,"ax",@progbits
  48              		.align	1
  49              		.globl	dbg_low_power_disable
  51              	dbg_low_power_disable:
  52              	.LFB4:
  62:../Firmware/GD32VF103_standard_peripheral/Source/gd32vf103_dbg.c **** 
  63:../Firmware/GD32VF103_standard_peripheral/Source/gd32vf103_dbg.c **** /*!
  64:../Firmware/GD32VF103_standard_peripheral/Source/gd32vf103_dbg.c ****     \brief      disable low power behavior when the mcu is in debug mode
  65:../Firmware/GD32VF103_standard_peripheral/Source/gd32vf103_dbg.c ****     \param[in]  dbg_low_power:
  66:../Firmware/GD32VF103_standard_peripheral/Source/gd32vf103_dbg.c ****                 one or more parameters can be selected which are shown as below:
  67:../Firmware/GD32VF103_standard_peripheral/Source/gd32vf103_dbg.c ****       \arg        DBG_LOW_POWER_SLEEP: donot keep debugger connection during sleep mode
GAS LISTING /tmp/cczTzKEQ.s 			page 3


  68:../Firmware/GD32VF103_standard_peripheral/Source/gd32vf103_dbg.c ****       \arg        DBG_LOW_POWER_DEEPSLEEP: donot keep debugger connection during deepsleep mode
  69:../Firmware/GD32VF103_standard_peripheral/Source/gd32vf103_dbg.c ****       \arg        DBG_LOW_POWER_STANDBY: donot keep debugger connection during standby mode
  70:../Firmware/GD32VF103_standard_peripheral/Source/gd32vf103_dbg.c ****     \param[out] none
  71:../Firmware/GD32VF103_standard_peripheral/Source/gd32vf103_dbg.c ****     \retval     none
  72:../Firmware/GD32VF103_standard_peripheral/Source/gd32vf103_dbg.c **** */
  73:../Firmware/GD32VF103_standard_peripheral/Source/gd32vf103_dbg.c **** void dbg_low_power_disable(uint32_t dbg_low_power)
  74:../Firmware/GD32VF103_standard_peripheral/Source/gd32vf103_dbg.c **** {
  53              		.loc 1 74 1 is_stmt 1
  54              		.cfi_startproc
  55              	.LVL1:
  75:../Firmware/GD32VF103_standard_peripheral/Source/gd32vf103_dbg.c ****     DBG_CTL &= ~dbg_low_power;
  56              		.loc 1 75 5
  57              		.loc 1 75 13 is_stmt 0
  58 0000 B72704E0 		li	a5,-536600576
  59 0004 D843     		lw	a4,4(a5)
  60              		.loc 1 75 16
  61 0006 1345F5FF 		not	a0,a0
  62              	.LVL2:
  63              		.loc 1 75 13
  64 000a 798D     		and	a0,a0,a4
  65              	.LVL3:
  66 000c C8C3     		sw	a0,4(a5)
  76:../Firmware/GD32VF103_standard_peripheral/Source/gd32vf103_dbg.c **** }
  67              		.loc 1 76 1
  68 000e 8280     		ret
  69              		.cfi_endproc
  70              	.LFE4:
  72              		.section	.text.dbg_periph_enable,"ax",@progbits
  73              		.align	1
  74              		.globl	dbg_periph_enable
  76              	dbg_periph_enable:
  77              	.LFB5:
  77:../Firmware/GD32VF103_standard_peripheral/Source/gd32vf103_dbg.c **** 
  78:../Firmware/GD32VF103_standard_peripheral/Source/gd32vf103_dbg.c **** /*!
  79:../Firmware/GD32VF103_standard_peripheral/Source/gd32vf103_dbg.c ****     \brief      enable peripheral behavior when the mcu is in debug mode
  80:../Firmware/GD32VF103_standard_peripheral/Source/gd32vf103_dbg.c ****     \param[in]  dbg_periph: refer to dbg_periph_enum
  81:../Firmware/GD32VF103_standard_peripheral/Source/gd32vf103_dbg.c ****                 one or more parameters can be selected which are shown as below:
  82:../Firmware/GD32VF103_standard_peripheral/Source/gd32vf103_dbg.c ****       \arg        DBG_FWDGT_HOLD : debug FWDGT kept when core is halted
  83:../Firmware/GD32VF103_standard_peripheral/Source/gd32vf103_dbg.c ****       \arg        DBG_WWDGT_HOLD : debug WWDGT kept when core is halted
  84:../Firmware/GD32VF103_standard_peripheral/Source/gd32vf103_dbg.c ****       \arg        DBG_CANx_HOLD (x=0,1): hold CANx counter when core is halted
  85:../Firmware/GD32VF103_standard_peripheral/Source/gd32vf103_dbg.c ****       \arg        DBG_I2Cx_HOLD (x=0,1): hold I2Cx smbus when core is halted
  86:../Firmware/GD32VF103_standard_peripheral/Source/gd32vf103_dbg.c ****       \arg        DBG_TIMERx_HOLD (x=0,1,2,3,4,5,6): hold TIMERx counter when core is halted
  87:../Firmware/GD32VF103_standard_peripheral/Source/gd32vf103_dbg.c ****     \param[out] none
  88:../Firmware/GD32VF103_standard_peripheral/Source/gd32vf103_dbg.c ****     \retval     none
  89:../Firmware/GD32VF103_standard_peripheral/Source/gd32vf103_dbg.c **** */
  90:../Firmware/GD32VF103_standard_peripheral/Source/gd32vf103_dbg.c **** void dbg_periph_enable(dbg_periph_enum dbg_periph)
  91:../Firmware/GD32VF103_standard_peripheral/Source/gd32vf103_dbg.c **** {
  78              		.loc 1 91 1 is_stmt 1
  79              		.cfi_startproc
  80              	.LVL4:
  92:../Firmware/GD32VF103_standard_peripheral/Source/gd32vf103_dbg.c ****     DBG_CTL |= (uint32_t)dbg_periph;
  81              		.loc 1 92 5
  82              		.loc 1 92 13 is_stmt 0
  83 0000 372704E0 		li	a4,-536600576
  84 0004 5C43     		lw	a5,4(a4)
  85 0006 C98F     		or	a5,a5,a0
  86 0008 5CC3     		sw	a5,4(a4)
GAS LISTING /tmp/cczTzKEQ.s 			page 4


  93:../Firmware/GD32VF103_standard_peripheral/Source/gd32vf103_dbg.c **** }
  87              		.loc 1 93 1
  88 000a 8280     		ret
  89              		.cfi_endproc
  90              	.LFE5:
  92              		.section	.text.dbg_periph_disable,"ax",@progbits
  93              		.align	1
  94              		.globl	dbg_periph_disable
  96              	dbg_periph_disable:
  97              	.LFB6:
  94:../Firmware/GD32VF103_standard_peripheral/Source/gd32vf103_dbg.c **** 
  95:../Firmware/GD32VF103_standard_peripheral/Source/gd32vf103_dbg.c **** /*!
  96:../Firmware/GD32VF103_standard_peripheral/Source/gd32vf103_dbg.c ****     \brief      disable peripheral behavior when the mcu is in debug mode
  97:../Firmware/GD32VF103_standard_peripheral/Source/gd32vf103_dbg.c ****     \param[in]  dbg_periph: refer to dbg_periph_enum
  98:../Firmware/GD32VF103_standard_peripheral/Source/gd32vf103_dbg.c ****                 one or more parameters can be selected which are shown as below:
  99:../Firmware/GD32VF103_standard_peripheral/Source/gd32vf103_dbg.c ****       \arg        DBG_FWDGT_HOLD : debug FWDGT kept when core is halted
 100:../Firmware/GD32VF103_standard_peripheral/Source/gd32vf103_dbg.c ****       \arg        DBG_WWDGT_HOLD : debug WWDGT kept when core is halted
 101:../Firmware/GD32VF103_standard_peripheral/Source/gd32vf103_dbg.c ****       \arg        DBG_CANx_HOLD (x=0,1): hold CAN0 counter when core is halted
 102:../Firmware/GD32VF103_standard_peripheral/Source/gd32vf103_dbg.c ****       \arg        DBG_I2Cx_HOLD (x=0,1): hold I2Cx smbus when core is halted
 103:../Firmware/GD32VF103_standard_peripheral/Source/gd32vf103_dbg.c ****       \arg        DBG_TIMERx_HOLD (x=0,1,2,3,4,5,6): hold TIMERx counter when core is halted
 104:../Firmware/GD32VF103_standard_peripheral/Source/gd32vf103_dbg.c ****     \param[out] none
 105:../Firmware/GD32VF103_standard_peripheral/Source/gd32vf103_dbg.c ****     \retval     none
 106:../Firmware/GD32VF103_standard_peripheral/Source/gd32vf103_dbg.c **** */
 107:../Firmware/GD32VF103_standard_peripheral/Source/gd32vf103_dbg.c **** void dbg_periph_disable(dbg_periph_enum dbg_periph)
 108:../Firmware/GD32VF103_standard_peripheral/Source/gd32vf103_dbg.c **** {
  98              		.loc 1 108 1 is_stmt 1
  99              		.cfi_startproc
 100              	.LVL5:
 109:../Firmware/GD32VF103_standard_peripheral/Source/gd32vf103_dbg.c ****     DBG_CTL &= ~(uint32_t)dbg_periph;
 101              		.loc 1 109 5
 102              		.loc 1 109 13 is_stmt 0
 103 0000 B72704E0 		li	a5,-536600576
 104 0004 D843     		lw	a4,4(a5)
 105              		.loc 1 109 16
 106 0006 1345F5FF 		not	a0,a0
 107              	.LVL6:
 108              		.loc 1 109 13
 109 000a 798D     		and	a0,a0,a4
 110              	.LVL7:
 111 000c C8C3     		sw	a0,4(a5)
 110:../Firmware/GD32VF103_standard_peripheral/Source/gd32vf103_dbg.c **** }
 112              		.loc 1 110 1
 113 000e 8280     		ret
 114              		.cfi_endproc
 115              	.LFE6:
 117              		.text
 118              	.Letext0:
 119              		.file 2 "/home/johnson/Documents/mpb-toolchain/build/riscv32-mapleboard-elf/include/machine/_defau
 120              		.file 3 "/home/johnson/Documents/mpb-toolchain/build/riscv32-mapleboard-elf/include/sys/_stdint.h"
 121              		.file 4 "../Firmware/GD32VF103_standard_peripheral/Include/gd32vf103_dbg.h"
GAS LISTING /tmp/cczTzKEQ.s 			page 5


DEFINED SYMBOLS
                            *ABS*:0000000000000000 gd32vf103_dbg.c
     /tmp/cczTzKEQ.s:13     .text.dbg_id_get:0000000000000000 dbg_id_get
     /tmp/cczTzKEQ.s:17     .text.dbg_id_get:0000000000000000 .L0 
     /tmp/cczTzKEQ.s:18     .text.dbg_id_get:0000000000000000 .L0 
     /tmp/cczTzKEQ.s:19     .text.dbg_id_get:0000000000000000 .L0 
     /tmp/cczTzKEQ.s:20     .text.dbg_id_get:0000000000000000 .L0 
     /tmp/cczTzKEQ.s:23     .text.dbg_id_get:0000000000000006 .L0 
     /tmp/cczTzKEQ.s:24     .text.dbg_id_get:0000000000000008 .L0 
     /tmp/cczTzKEQ.s:31     .text.dbg_low_power_enable:0000000000000000 dbg_low_power_enable
     /tmp/cczTzKEQ.s:34     .text.dbg_low_power_enable:0000000000000000 .L0 
     /tmp/cczTzKEQ.s:36     .text.dbg_low_power_enable:0000000000000000 .L0 
     /tmp/cczTzKEQ.s:37     .text.dbg_low_power_enable:0000000000000000 .L0 
     /tmp/cczTzKEQ.s:38     .text.dbg_low_power_enable:0000000000000000 .L0 
     /tmp/cczTzKEQ.s:43     .text.dbg_low_power_enable:000000000000000a .L0 
     /tmp/cczTzKEQ.s:44     .text.dbg_low_power_enable:000000000000000c .L0 
     /tmp/cczTzKEQ.s:51     .text.dbg_low_power_disable:0000000000000000 dbg_low_power_disable
     /tmp/cczTzKEQ.s:54     .text.dbg_low_power_disable:0000000000000000 .L0 
     /tmp/cczTzKEQ.s:56     .text.dbg_low_power_disable:0000000000000000 .L0 
     /tmp/cczTzKEQ.s:57     .text.dbg_low_power_disable:0000000000000000 .L0 
     /tmp/cczTzKEQ.s:58     .text.dbg_low_power_disable:0000000000000000 .L0 
     /tmp/cczTzKEQ.s:61     .text.dbg_low_power_disable:0000000000000006 .L0 
     /tmp/cczTzKEQ.s:64     .text.dbg_low_power_disable:000000000000000a .L0 
     /tmp/cczTzKEQ.s:68     .text.dbg_low_power_disable:000000000000000e .L0 
     /tmp/cczTzKEQ.s:69     .text.dbg_low_power_disable:0000000000000010 .L0 
     /tmp/cczTzKEQ.s:76     .text.dbg_periph_enable:0000000000000000 dbg_periph_enable
     /tmp/cczTzKEQ.s:79     .text.dbg_periph_enable:0000000000000000 .L0 
     /tmp/cczTzKEQ.s:81     .text.dbg_periph_enable:0000000000000000 .L0 
     /tmp/cczTzKEQ.s:82     .text.dbg_periph_enable:0000000000000000 .L0 
     /tmp/cczTzKEQ.s:83     .text.dbg_periph_enable:0000000000000000 .L0 
     /tmp/cczTzKEQ.s:88     .text.dbg_periph_enable:000000000000000a .L0 
     /tmp/cczTzKEQ.s:89     .text.dbg_periph_enable:000000000000000c .L0 
     /tmp/cczTzKEQ.s:96     .text.dbg_periph_disable:0000000000000000 dbg_periph_disable
     /tmp/cczTzKEQ.s:99     .text.dbg_periph_disable:0000000000000000 .L0 
     /tmp/cczTzKEQ.s:101    .text.dbg_periph_disable:0000000000000000 .L0 
     /tmp/cczTzKEQ.s:102    .text.dbg_periph_disable:0000000000000000 .L0 
     /tmp/cczTzKEQ.s:103    .text.dbg_periph_disable:0000000000000000 .L0 
     /tmp/cczTzKEQ.s:106    .text.dbg_periph_disable:0000000000000006 .L0 
     /tmp/cczTzKEQ.s:109    .text.dbg_periph_disable:000000000000000a .L0 
     /tmp/cczTzKEQ.s:113    .text.dbg_periph_disable:000000000000000e .L0 
     /tmp/cczTzKEQ.s:114    .text.dbg_periph_disable:0000000000000010 .L0 
     /tmp/cczTzKEQ.s:27     .text.dbg_id_get:0000000000000008 .L0 
     /tmp/cczTzKEQ.s:47     .text.dbg_low_power_enable:000000000000000c .L0 
     /tmp/cczTzKEQ.s:72     .text.dbg_low_power_disable:0000000000000010 .L0 
     /tmp/cczTzKEQ.s:92     .text.dbg_periph_enable:000000000000000c .L0 
     /tmp/cczTzKEQ.s:117    .text.dbg_periph_disable:0000000000000010 .L0 
                     .debug_frame:0000000000000000 .L0 
     /tmp/cczTzKEQ.s:353    .debug_abbrev:0000000000000000 .Ldebug_abbrev0
     /tmp/cczTzKEQ.s:643    .debug_str:0000000000000102 .LASF32
     /tmp/cczTzKEQ.s:621    .debug_str:000000000000000b .LASF33
     /tmp/cczTzKEQ.s:629    .debug_str:0000000000000075 .LASF34
     /tmp/cczTzKEQ.s:603    .debug_ranges:0000000000000000 .Ldebug_ranges0
     /tmp/cczTzKEQ.s:617    .debug_line:0000000000000000 .Ldebug_line0
     /tmp/cczTzKEQ.s:663    .debug_str:000000000000022a .LASF0
     /tmp/cczTzKEQ.s:683    .debug_str:00000000000002bc .LASF1
     /tmp/cczTzKEQ.s:645    .debug_str:000000000000019b .LASF2
     /tmp/cczTzKEQ.s:675    .debug_str:000000000000028a .LASF3
GAS LISTING /tmp/cczTzKEQ.s 			page 6


     /tmp/cczTzKEQ.s:651    .debug_str:00000000000001c9 .LASF4
     /tmp/cczTzKEQ.s:631    .debug_str:00000000000000a7 .LASF5
     /tmp/cczTzKEQ.s:657    .debug_str:00000000000001fc .LASF9
     /tmp/cczTzKEQ.s:649    .debug_str:00000000000001b7 .LASF6
     /tmp/cczTzKEQ.s:673    .debug_str:000000000000027c .LASF7
     /tmp/cczTzKEQ.s:667    .debug_str:0000000000000245 .LASF8
     /tmp/cczTzKEQ.s:677    .debug_str:0000000000000294 .LASF10
     /tmp/cczTzKEQ.s:681    .debug_str:00000000000002b0 .LASF11
     /tmp/cczTzKEQ.s:641    .debug_str:00000000000000f3 .LASF12
     /tmp/cczTzKEQ.s:633    .debug_str:00000000000000b0 .LASF13
     /tmp/cczTzKEQ.s:685    .debug_str:00000000000002c8 .LASF14
     /tmp/cczTzKEQ.s:655    .debug_str:00000000000001ec .LASF15
     /tmp/cczTzKEQ.s:671    .debug_str:000000000000026c .LASF16
     /tmp/cczTzKEQ.s:623    .debug_str:000000000000004c .LASF17
     /tmp/cczTzKEQ.s:627    .debug_str:0000000000000067 .LASF18
     /tmp/cczTzKEQ.s:635    .debug_str:00000000000000bf .LASF19
     /tmp/cczTzKEQ.s:665    .debug_str:0000000000000237 .LASF20
     /tmp/cczTzKEQ.s:653    .debug_str:00000000000001dc .LASF21
     /tmp/cczTzKEQ.s:669    .debug_str:000000000000025c .LASF22
     /tmp/cczTzKEQ.s:687    .debug_str:00000000000002d8 .LASF23
     /tmp/cczTzKEQ.s:647    .debug_str:00000000000001a9 .LASF24
     /tmp/cczTzKEQ.s:637    .debug_str:00000000000000cd .LASF25
     /tmp/cczTzKEQ.s:679    .debug_str:000000000000029d .LASF26
     /tmp/cczTzKEQ.s:97     .text.dbg_periph_disable:0000000000000000 .LFB6
     /tmp/cczTzKEQ.s:115    .text.dbg_periph_disable:0000000000000010 .LFE6
     /tmp/cczTzKEQ.s:619    .debug_str:0000000000000000 .LASF28
     /tmp/cczTzKEQ.s:540    .debug_loc:0000000000000000 .LLST1
     /tmp/cczTzKEQ.s:689    .debug_str:00000000000002e8 .LASF27
     /tmp/cczTzKEQ.s:77     .text.dbg_periph_enable:0000000000000000 .LFB5
     /tmp/cczTzKEQ.s:90     .text.dbg_periph_enable:000000000000000c .LFE5
     /tmp/cczTzKEQ.s:639    .debug_str:00000000000000dd .LASF29
     /tmp/cczTzKEQ.s:52     .text.dbg_low_power_disable:0000000000000000 .LFB4
     /tmp/cczTzKEQ.s:70     .text.dbg_low_power_disable:0000000000000010 .LFE4
     /tmp/cczTzKEQ.s:661    .debug_str:000000000000021c .LASF30
     /tmp/cczTzKEQ.s:561    .debug_loc:000000000000002f .LLST0
     /tmp/cczTzKEQ.s:659    .debug_str:0000000000000207 .LASF31
     /tmp/cczTzKEQ.s:32     .text.dbg_low_power_enable:0000000000000000 .LFB3
     /tmp/cczTzKEQ.s:45     .text.dbg_low_power_enable:000000000000000c .LFE3
     /tmp/cczTzKEQ.s:625    .debug_str:000000000000005c .LASF35
     /tmp/cczTzKEQ.s:14     .text.dbg_id_get:0000000000000000 .LFB2
     /tmp/cczTzKEQ.s:25     .text.dbg_id_get:0000000000000008 .LFE2
     /tmp/cczTzKEQ.s:100    .text.dbg_periph_disable:0000000000000000 .LVL5
     /tmp/cczTzKEQ.s:107    .text.dbg_periph_disable:000000000000000a .LVL6
     /tmp/cczTzKEQ.s:110    .text.dbg_periph_disable:000000000000000c .LVL7
     /tmp/cczTzKEQ.s:55     .text.dbg_low_power_disable:0000000000000000 .LVL1
     /tmp/cczTzKEQ.s:62     .text.dbg_low_power_disable:000000000000000a .LVL2
     /tmp/cczTzKEQ.s:65     .text.dbg_low_power_disable:000000000000000c .LVL3
     /tmp/cczTzKEQ.s:123    .debug_info:0000000000000000 .Ldebug_info0

NO UNDEFINED SYMBOLS
